<?xml version="1.0" encoding="UTF-8"?>
<testsuite xmlns:xsi="http://www.w3.org/2001/XMLSchema-instance" xsi:noNamespaceSchemaLocation="https://maven.apache.org/surefire/maven-surefire-plugin/xsd/surefire-test-report-3.0.xsd" version="3.0" name="io.quarkus.OverstapStaatTest" time="6.014" tests="4" errors="0" skipped="0" failures="0">
  <properties>
[...]
</properties>
  <testcase name="testFunqy" classname="io.quarkus.OverstapStaatTest" time="1.396">
    <system-out><![CDATA[2023-01-22 15:05:57,911 INFO  [io.quarkus] (main) overstapstaat-func 1.0-SNAPSHOT on JVM (powered by Quarkus 2.15.3.Final) started in 2.360s. Listening on: http://localhost:8081
2023-01-22 15:05:57,913 INFO  [io.quarkus] (main) Profile test activated. 
2023-01-22 15:05:57,914 INFO  [io.quarkus] (main) Installed features: [cdi, funqy-http, reactive-routes, resteasy, servlet, smallrye-context-propagation, vertx]
]]></system-out>
  </testcase>
  <testcase name="testJaxrs" classname="io.quarkus.OverstapStaatTest" time="0.12"/>
  <testcase name="testVertx" classname="io.quarkus.OverstapStaatTest" time="0.015"/>
  <testcase name="testServlet" classname="io.quarkus.OverstapStaatTest" time="0.017"/>
</testsuite>